2025-10-07 19:15:16.154 [info] [aebc6443-996d-45c2-90f0-388ff96faa56] Native Broker is only available on Windows
2025-10-07 19:15:17.189 [info] [getSessions] [all] starting
2025-10-07 19:15:17.189 [info] [getSessions] [all] returned 0 session(s)
2025-10-07 19:15:17.190 [info] [getSessions] [all] starting
2025-10-07 19:15:17.190 [info] [getSessions] [all] returned 0 session(s)
2025-10-07 19:15:17.191 [info] [getSessions] [all] starting
2025-10-07 19:15:17.191 [info] [getSessions] [all] returned 0 session(s)
2025-10-07 19:15:17.191 [info] [getSessions] [all] starting
2025-10-07 19:15:17.191 [info] [getSessions] [all] returned 0 session(s)
2025-10-07 19:15:17.198 [info] [getSessions] [499b84ac-1321-427f-aa17-267ca6975798/.default offline_access] starting
2025-10-07 19:15:17.198 [info] [aebc6443-996d-45c2-90f0-388ff96faa56] Native Broker is only available on Windows
2025-10-07 19:15:17.220 [info] [getSessions] [499b84ac-1321-427f-aa17-267ca6975798/.default offline_access] returned 0 session(s)
2025-10-07 19:15:17.977 [info] [getSessions] [499b84ac-1321-427f-aa17-267ca6975798/.default offline_access] starting
2025-10-07 19:15:17.978 [info] [getSessions] [499b84ac-1321-427f-aa17-267ca6975798/.default offline_access] returned 0 session(s)
2025-10-07 19:15:21.156 [info] [getSessions] [all] starting
2025-10-07 19:15:21.156 [info] [getSessions] [all] returned 0 session(s)
2025-10-07 19:15:51.193 [info] [aebc6443-996d-45c2-90f0-388ff96faa56] Native Broker is only available on Windows
2025-10-07 19:15:51.445 [info] [getSessions] [all] starting
2025-10-07 19:15:51.445 [info] [getSessions] [all] returned 0 session(s)
2025-10-07 19:15:51.446 [info] [getSessions] [all] starting
2025-10-07 19:15:51.446 [info] [getSessions] [all] returned 0 session(s)
2025-10-07 19:15:51.446 [info] [getSessions] [all] starting
2025-10-07 19:15:51.446 [info] [getSessions] [all] returned 0 session(s)
2025-10-07 19:15:56.868 [info] [getSessions] [499b84ac-1321-427f-aa17-267ca6975798/.default offline_access] starting
2025-10-07 19:15:56.868 [info] [aebc6443-996d-45c2-90f0-388ff96faa56] Native Broker is only available on Windows
2025-10-07 19:15:57.171 [info] [getSessions] [499b84ac-1321-427f-aa17-267ca6975798/.default offline_access] returned 0 session(s)
2025-10-07 19:15:59.860 [info] [getSessions] [499b84ac-1321-427f-aa17-267ca6975798/.default offline_access] starting
2025-10-07 19:15:59.861 [info] [getSessions] [499b84ac-1321-427f-aa17-267ca6975798/.default offline_access] returned 0 session(s)
2025-10-07 19:16:20.898 [info] [getSessions] [all] starting
2025-10-07 19:16:20.898 [info] [getSessions] [all] returned 0 session(s)
2025-10-07 19:16:20.900 [info] [getSessions] [all] starting
2025-10-07 19:16:20.900 [info] [getSessions] [all] returned 0 session(s)
2025-10-07 19:16:20.903 [info] [getSessions] [all] starting
2025-10-07 19:16:20.903 [info] [getSessions] [all] returned 0 session(s)
