2025-10-07 19:07:58.484 [info] [getSessions] [all] starting
2025-10-07 19:07:58.485 [info] [getSessions] [all] returned 0 session(s)
2025-10-07 19:07:58.485 [info] [getSessions] [all] starting
2025-10-07 19:07:58.485 [info] [getSessions] [all] returned 0 session(s)
2025-10-07 19:07:58.485 [info] [getSessions] [all] starting
2025-10-07 19:07:58.485 [info] [getSessions] [all] returned 0 session(s)
2025-10-07 19:07:58.485 [info] [getSessions] [all] starting
2025-10-07 19:07:58.485 [info] [getSessions] [all] returned 0 session(s)
2025-10-07 19:07:58.485 [info] [getSessions] [499b84ac-1321-427f-aa17-267ca6975798/.default offline_access] starting
2025-10-07 19:07:58.485 [info] [aebc6443-996d-45c2-90f0-388ff96faa56] Native Broker is only available on Windows
2025-10-07 19:07:58.723 [info] [getSessions] [499b84ac-1321-427f-aa17-267ca6975798/.default offline_access] returned 0 session(s)
2025-10-07 19:11:18.993 [info] [getSessions] [499b84ac-1321-427f-aa17-267ca6975798/.default offline_access] starting
2025-10-07 19:11:18.994 [info] [getSessions] [499b84ac-1321-427f-aa17-267ca6975798/.default offline_access] returned 0 session(s)
2025-10-07 19:11:19.970 [info] [getSessions] [499b84ac-1321-427f-aa17-267ca6975798/.default offline_access] starting
2025-10-07 19:11:19.970 [info] [getSessions] [499b84ac-1321-427f-aa17-267ca6975798/.default offline_access] returned 0 session(s)
2025-10-07 19:11:23.445 [info] [getSessions] [all] starting
2025-10-07 19:11:23.445 [info] [getSessions] [all] returned 0 session(s)
2025-10-07 19:11:58.083 [info] [aebc6443-996d-45c2-90f0-388ff96faa56] Native Broker is only available on Windows
2025-10-07 19:11:58.722 [info] [getSessions] [all] starting
2025-10-07 19:11:58.722 [info] [getSessions] [all] returned 0 session(s)
2025-10-07 19:11:58.722 [info] [getSessions] [all] starting
2025-10-07 19:11:58.722 [info] [getSessions] [all] returned 0 session(s)
2025-10-07 19:11:58.722 [info] [getSessions] [all] starting
2025-10-07 19:11:58.722 [info] [getSessions] [all] returned 0 session(s)
2025-10-07 19:11:58.723 [info] [getSessions] [all] starting
2025-10-07 19:11:58.723 [info] [getSessions] [all] returned 0 session(s)
2025-10-07 19:12:00.449 [info] [getSessions] [499b84ac-1321-427f-aa17-267ca6975798/.default offline_access] starting
2025-10-07 19:12:00.449 [info] [aebc6443-996d-45c2-90f0-388ff96faa56] Native Broker is only available on Windows
2025-10-07 19:12:01.008 [info] [getSessions] [499b84ac-1321-427f-aa17-267ca6975798/.default offline_access] returned 0 session(s)
2025-10-07 19:12:03.177 [info] [getSessions] [499b84ac-1321-427f-aa17-267ca6975798/.default offline_access] starting
2025-10-07 19:12:03.178 [info] [getSessions] [499b84ac-1321-427f-aa17-267ca6975798/.default offline_access] returned 0 session(s)
2025-10-07 19:12:09.602 [info] [getSessions] [all] starting
2025-10-07 19:12:09.602 [info] [getSessions] [all] returned 0 session(s)
