2025-10-07 19:07:46.884 [error] Invalid path provided: /home/aserdev/aserdev-dots, ENOENT: no such file or directory, stat '/home/aserdev/aserdev-dots'
2025-10-07 19:07:46.884 [info] update#setState idle
2025-10-07 19:08:16.883 [info] update#setState checking for updates
2025-10-07 19:08:16.970 [info] update#setState idle
2025-10-07 19:11:35.319 [info] Extension host with pid 30308 exited with code: 0, signal: unknown.
2025-10-07 19:13:53.596 [error] CodeWindow: detected unresponsive
2025-10-07 19:13:55.402 [error] CodeWindow: recovered from unresponsive
2025-10-07 19:13:55.403 [error] CodeWindow unresponsive samples:
<1> 
    at the.onLinesChanged (vscode-file://vscode-app/opt/visual-studio-code/resources/app/out/vs/workbench/workbench.desktop.main.js:242:2078)
    at the.handleEvents (vscode-file://vscode-app/opt/visual-studio-code/resources/app/out/vs/workbench/workbench.desktop.main.js:68:1487)
    at ZJi.w (vscode-file://vscode-app/opt/visual-studio-code/resources/app/out/vs/workbench/workbench.desktop.main.js:280:32840)
    at ZJi.u (vscode-file://vscode-app/opt/visual-studio-code/resources/app/out/vs/workbench/workbench.desktop.main.js:280:32729)
    at ZJi.t (vscode-file://vscode-app/opt/visual-studio-code/resources/app/out/vs/workbench/workbench.desktop.main.js:280:32702)
    at ZJi.endEmitViewEvents (vscode-file://vscode-app/opt/visual-studio-code/resources/app/out/vs/workbench/workbench.desktop.main.js:280:32525)
    at vscode-file://vscode-app/opt/visual-studio-code/resources/app/out/vs/workbench/workbench.desktop.main.js:282:4021
    at Object.batchChanges (vscode-file://vscode-app/opt/visual-studio-code/resources/app/out/vs/workbench/workbench.desktop.main.js:284:15384)
    at $Xi.X (vscode-file://vscode-app/opt/visual-studio-code/resources/app/out/vs/workbench/workbench.desktop.main.js:282:3935)
    at $Xi.W (vscode-file://vscode-app/opt/visual-studio-code/resources/app/out/vs/workbench/workbench.desktop.main.js:282:2717)
Total Samples: 1
For full overview of the unresponsive period, capture cpu profile via https://aka.ms/vscode-tracing-cpu-profile
2025-10-07 19:14:02.829 [info] Extension host with pid 31852 exited with code: 0, signal: unknown.
