2025-10-07 19:07:58.485 [info] [main] Log level: Info
2025-10-07 19:07:58.485 [info] [main] Validating found git in: "git"
2025-10-07 19:07:58.485 [info] [main] Using git "2.51.0" from "git"
2025-10-07 19:07:58.485 [info] [Model][doInitialScan] Initial repository scan started
2025-10-07 19:07:58.485 [info] [Model][doInitialScan] Initial repository scan completed - repositories (0), closed repositories (0), parent repositories (0), unsafe repositories (0)
2025-10-07 19:11:32.918 [info] > git clone https://github.com/aserdevyt/aserdev-dotfiles.git /home/aserdev/aserdev-dotfiles --progress [1161ms]
2025-10-07 19:11:32.918 [info] Cloning into '/home/aserdev/aserdev-dotfiles'...
remote: Enumerating objects: 4, done.        
remote: Counting objects:  25% (1/4)        remote: Counting objects:  50% (2/4)        remote: Counting objects:  75% (3/4)        remote: Counting objects: 100% (4/4)        remote: Counting objects: 100% (4/4), done.        
remote: Compressing objects:  33% (1/3)        remote: Compressing objects:  66% (2/3)        remote: Compressing objects: 100% (3/3)        remote: Compressing objects: 100% (3/3), done.        
Receiving objects:  25% (1/4)Receiving objects:  50% (2/4)remote: Total 4 (delta 0), reused 0 (delta 0), pack-reused 0 (from 0)        
Receiving objects:  75% (3/4)Receiving objects: 100% (4/4)Receiving objects: 100% (4/4), 12.73 KiB | 271.00 KiB/s, done.
2025-10-07 19:11:56.758 [info] [main] Log level: Info
2025-10-07 19:11:56.758 [info] [main] Validating found git in: "git"
2025-10-07 19:11:56.758 [info] [main] Using git "2.51.0" from "git"
2025-10-07 19:11:56.758 [info] [Model][doInitialScan] Initial repository scan started
2025-10-07 19:11:56.758 [info] > git rev-parse --show-toplevel [363ms]
2025-10-07 19:11:57.405 [info] > git rev-parse --git-dir --git-common-dir --show-superproject-working-tree [637ms]
2025-10-07 19:11:57.438 [info] [Model][openRepository] Opened repository (path): /home/aserdev/aserdev-dotfiles
2025-10-07 19:11:57.438 [info] [Model][openRepository] Opened repository (real path): /home/aserdev/aserdev-dotfiles
2025-10-07 19:11:57.438 [info] [Model][openRepository] Opened repository (kind): repository
2025-10-07 19:11:57.531 [info] > git rev-parse --show-toplevel [48ms]
2025-10-07 19:11:57.533 [info] > git config --get commit.template [65ms]
2025-10-07 19:11:57.973 [info] > git rev-parse --show-toplevel [408ms]
2025-10-07 19:11:58.006 [info] > git for-each-ref --format=%(refname)%00%(upstream:short)%00%(objectname)%00%(upstream:track)%00%(upstream:remotename)%00%(upstream:remoteref) refs/heads/main refs/remotes/main [420ms]
2025-10-07 19:11:58.131 [warning] [Git][revParse] Unable to read file: ENOENT: no such file or directory, open '/home/aserdev/aserdev-dotfiles/.git/refs/remotes/origin/main'
2025-10-07 19:11:58.143 [info] > git rev-parse --show-toplevel [149ms]
2025-10-07 19:11:58.299 [info] > git rev-parse refs/remotes/origin/main [169ms]
2025-10-07 19:11:58.456 [info] > git check-ignore -v -z --stdin [277ms]
2025-10-07 19:11:58.468 [info] > git for-each-ref --sort -committerdate --format %(refname)%00%(objectname)%00%(*objectname) [75ms]
2025-10-07 19:11:58.472 [info] > git rev-parse --git-dir --git-common-dir --show-superproject-working-tree [180ms]
2025-10-07 19:11:58.605 [info] [Model][openRepository] Opened repository (path): /home/aserdev/aserdev-dotfiles/.oh-my-zsh
2025-10-07 19:11:58.605 [info] [Model][openRepository] Opened repository (real path): /home/aserdev/aserdev-dotfiles/.oh-my-zsh
2025-10-07 19:11:58.605 [info] [Model][openRepository] Opened repository (kind): repository
2025-10-07 19:11:58.726 [info] > git status -z -uall [367ms]
2025-10-07 19:11:58.727 [info] > git rev-parse --show-toplevel [14ms]
2025-10-07 19:11:58.732 [info] [Model][doInitialScan] Initial repository scan completed - repositories (2), closed repositories (0), parent repositories (0), unsafe repositories (0)
2025-10-07 19:11:58.735 [info] > git config --get commit.template [34ms]
2025-10-07 19:12:00.469 [info] > git for-each-ref --format=%(refname)%00%(upstream:short)%00%(objectname)%00%(upstream:track)%00%(upstream:remotename)%00%(upstream:remoteref) refs/heads/main refs/remotes/main [1542ms]
2025-10-07 19:12:00.588 [info] > git check-ignore -v -z --stdin [89ms]
2025-10-07 19:12:00.589 [info] > git check-ignore -v -z --stdin [73ms]
2025-10-07 19:12:00.590 [info] > git config --get --local branch.main.vscode-merge-base [104ms]
2025-10-07 19:12:00.590 [warning] [Git][config] git config failed: Failed to execute git
2025-10-07 19:12:00.603 [info] > git config --get commit.template [136ms]
2025-10-07 19:12:00.952 [info] > git reflog main --grep-reflog=branch: Created from *. [350ms]
2025-10-07 19:12:00.973 [info] > git for-each-ref --format=%(refname)%00%(upstream:short)%00%(objectname)%00%(upstream:track)%00%(upstream:remotename)%00%(upstream:remoteref) refs/heads/master refs/remotes/master [388ms]
2025-10-07 19:12:00.993 [info] > git symbolic-ref --short refs/remotes/origin/HEAD [21ms]
2025-10-07 19:12:01.011 [info] > git for-each-ref --format=%(refname)%00%(upstream:short)%00%(objectname)%00%(upstream:track)%00%(upstream:remotename)%00%(upstream:remoteref) refs/heads/origin/main refs/remotes/origin/main [5ms]
2025-10-07 19:12:01.025 [info] > git for-each-ref --format=%(refname)%00%(upstream:short)%00%(objectname)%00%(upstream:track)%00%(upstream:remotename)%00%(upstream:remoteref) refs/heads/main refs/remotes/main [35ms]
2025-10-07 19:12:01.041 [warning] [Git][revParse] Unable to read file: ENOENT: no such file or directory, open '/home/aserdev/aserdev-dotfiles/.git/refs/remotes/origin/main'
2025-10-07 19:12:01.043 [info] > git config --add --local branch.main.vscode-merge-base origin/main [19ms]
2025-10-07 19:12:01.095 [info] > git rev-parse refs/remotes/origin/main [54ms]
2025-10-07 19:12:01.102 [info] > git status -z -uall [47ms]
2025-10-07 19:12:01.103 [info] > git config --get commit.template [20ms]
2025-10-07 19:12:01.103 [info] > git for-each-ref --sort -committerdate --format %(refname)%00%(objectname)%00%(*objectname) [33ms]
2025-10-07 19:12:01.210 [info] > git for-each-ref --format=%(refname)%00%(upstream:short)%00%(objectname)%00%(upstream:track)%00%(upstream:remotename)%00%(upstream:remoteref) refs/heads/master refs/remotes/master [86ms]
2025-10-07 19:12:01.299 [info] > git config --get --local branch.master.vscode-merge-base [74ms]
2025-10-07 19:12:01.313 [info] > git config --get commit.template [105ms]
2025-10-07 19:12:01.317 [info] > git for-each-ref --format=%(refname)%00%(upstream:short)%00%(objectname)%00%(upstream:track)%00%(upstream:remotename)%00%(upstream:remoteref) refs/heads/origin/master refs/remotes/origin/master [5ms]
2025-10-07 19:12:01.334 [info] > git for-each-ref --format=%(refname)%00%(upstream:short)%00%(objectname)%00%(upstream:track)%00%(upstream:remotename)%00%(upstream:remoteref) refs/heads/main refs/remotes/main [38ms]
2025-10-07 19:12:01.357 [warning] [Git][revParse] Unable to read file: ENOENT: no such file or directory, open '/home/aserdev/aserdev-dotfiles/.git/refs/remotes/origin/main'
2025-10-07 19:12:01.367 [info] > git rev-parse refs/remotes/origin/main [10ms]
2025-10-07 19:12:01.391 [info] > git for-each-ref --format=%(refname)%00%(upstream:short)%00%(objectname)%00%(upstream:track)%00%(upstream:remotename)%00%(upstream:remoteref) refs/heads/master refs/remotes/master [46ms]
2025-10-07 19:12:01.391 [info] > git merge-base refs/heads/master refs/remotes/origin/master [58ms]
2025-10-07 19:12:01.412 [info] > git for-each-ref --sort -committerdate --format %(refname)%00%(objectname)%00%(*objectname) [22ms]
2025-10-07 19:12:01.416 [info] > git diff --name-status -z --diff-filter=ADMR c6482fa5be724e9504c6ffe92203440e4c3239b5...refs/remotes/origin/master [12ms]
2025-10-07 19:12:01.419 [info] > git status -z -uall [42ms]
2025-10-07 19:12:01.543 [info] > git status -z -uall [15ms]
2025-10-07 19:12:01.543 [info] > git merge-base refs/heads/main refs/remotes/origin/main [40ms]
2025-10-07 19:12:02.983 [info] > git diff --name-status -z --diff-filter=ADMR d3e7afac246691dbe8f68a724cc2be038d267b57...refs/remotes/origin/main [1427ms]
2025-10-07 19:12:02.984 [info] > git for-each-ref --sort -committerdate --format %(refname)%00%(objectname)%00%(*objectname) [1443ms]
2025-10-07 19:12:02.991 [info] > git merge-base refs/heads/main refs/remotes/origin/main [1475ms]
2025-10-07 19:12:03.106 [info] > git diff --name-status -z --diff-filter=ADMR d3e7afac246691dbe8f68a724cc2be038d267b57...refs/remotes/origin/main [100ms]
2025-10-07 19:12:03.145 [info] > git config --get commit.template [46ms]
2025-10-07 19:12:03.145 [info] > git config --get commit.template [58ms]
2025-10-07 19:12:03.206 [info] > git for-each-ref --format=%(refname)%00%(upstream:short)%00%(objectname)%00%(upstream:track)%00%(upstream:remotename)%00%(upstream:remoteref) refs/heads/master refs/remotes/master [17ms]
2025-10-07 19:12:03.207 [info] > git for-each-ref --format=%(refname)%00%(upstream:short)%00%(objectname)%00%(upstream:track)%00%(upstream:remotename)%00%(upstream:remoteref) refs/heads/main refs/remotes/main [5ms]
2025-10-07 19:12:03.218 [warning] [Git][revParse] Unable to read file: ENOENT: no such file or directory, open '/home/aserdev/aserdev-dotfiles/.git/refs/remotes/origin/main'
2025-10-07 19:12:03.245 [info] > git status -z -uall [14ms]
2025-10-07 19:12:03.245 [info] > git rev-parse refs/remotes/origin/main [27ms]
2025-10-07 19:12:03.280 [info] > git for-each-ref --sort -committerdate --format %(refname)%00%(objectname)%00%(*objectname) [36ms]
2025-10-07 19:12:03.293 [info] > git for-each-ref --sort -committerdate --format %(refname)%00%(objectname)%00%(*objectname) [23ms]
2025-10-07 19:12:03.300 [info] > git status -z -uall [44ms]
2025-10-07 19:12:05.723 [info] > git show --textconv :LICENSE [33ms]
2025-10-07 19:12:05.724 [info] > git ls-files --stage -- LICENSE [16ms]
2025-10-07 19:12:05.966 [info] > git cat-file -s f288702d2fa16d3cdf0035b15a9fcbc552cd88e7 [220ms]
2025-10-07 19:12:08.501 [info] > git log --format=%H%n%aN%n%aE%n%at%n%ct%n%P%n%D%n%B -z --shortstat --diff-merges=first-parent -n50 --skip=0 --topo-order --decorate=full --stdin [6ms]
2025-10-07 19:12:10.031 [info] > git check-ignore -v -z --stdin [2ms]
2025-10-07 19:12:10.904 [info] > git log --format=%H%n%aN%n%aE%n%at%n%ct%n%P%n%D%n%B -z --shortstat --diff-merges=first-parent -n50 --skip=0 --topo-order --decorate=full --stdin [5ms]
2025-10-07 19:12:17.403 [info] > git add -A -- . [758ms]
2025-10-07 19:12:17.403 [info] warning: adding embedded git repository: .oh-my-zsh
hint: You've added another git repository inside your current repository.
hint: Clones of the outer repository will not contain the contents of
hint: the embedded repository and will not know how to obtain it.
hint: If you meant to add a submodule, use:
hint:
hint: 	git submodule add <url> .oh-my-zsh
hint:
hint: If you added this path by mistake, you can remove it from the
hint: index with:
hint:
hint: 	git rm --cached .oh-my-zsh
hint:
hint: See "git help submodule" for more information.
hint: Disable this message with "git config set advice.addEmbeddedRepo false"
2025-10-07 19:12:18.740 [info] > git check-ignore -v -z --stdin [12ms]
2025-10-07 19:12:18.842 [info] > git show --textconv :.git/COMMIT_EDITMSG [27ms]
2025-10-07 19:12:18.871 [info] > git hash-object -t tree /dev/null [8ms]
2025-10-07 19:12:18.871 [warning] [GitFileSystemProvider][readFile] File not found - git:/home/aserdev/aserdev-dotfiles/.git/COMMIT_EDITMSG.git?%7B%22path%22%3A%22%2Fhome%2Faserdev%2Faserdev-dotfiles%2F.git%2FCOMMIT_EDITMSG%22%2C%22ref%22%3A%22%22%7D
2025-10-07 19:12:18.880 [info] > git ls-files --stage -- .git/COMMIT_EDITMSG [40ms]
2025-10-07 19:12:18.881 [warning] [GitFileSystemProvider][stat] File not found - git:/home/aserdev/aserdev-dotfiles/.git/COMMIT_EDITMSG.git?%7B%22path%22%3A%22%2Fhome%2Faserdev%2Faserdev-dotfiles%2F.git%2FCOMMIT_EDITMSG%22%2C%22ref%22%3A%22%22%7D
2025-10-07 19:12:21.127 [info] > git blame --root --incremental d3e7afac246691dbe8f68a724cc2be038d267b57 -- .git/COMMIT_EDITMSG [6ms]
2025-10-07 19:12:21.127 [info] fatal: no such path .git/COMMIT_EDITMSG in d3e7afac246691dbe8f68a724cc2be038d267b57
2025-10-07 19:14:00.883 [info] > git -c user.useConfigOnly=true commit --quiet [103462ms]
2025-10-07 19:14:00.942 [info] > git config --get commit.template [14ms]
2025-10-07 19:14:00.978 [info] > git for-each-ref --format=%(refname)%00%(upstream:short)%00%(objectname)%00%(upstream:track)%00%(upstream:remotename)%00%(upstream:remoteref) refs/heads/main refs/remotes/main [10ms]
2025-10-07 19:14:01.002 [warning] [Git][revParse] Unable to read file: ENOENT: no such file or directory, open '/home/aserdev/aserdev-dotfiles/.git/refs/remotes/origin/main'
2025-10-07 19:14:01.015 [info] > git rev-parse refs/remotes/origin/main [13ms]
2025-10-07 19:14:01.090 [info] > git for-each-ref --sort -committerdate --format %(refname)%00%(objectname)%00%(*objectname) [9ms]
2025-10-07 19:14:01.179 [info] > git status -z -uall [135ms]
2025-10-07 19:14:01.476 [info] > git merge-base refs/heads/main refs/remotes/origin/main [60ms]
2025-10-07 19:14:01.544 [info] > git diff --name-status -z --diff-filter=ADMR d3e7afac246691dbe8f68a724cc2be038d267b57...refs/remotes/origin/main [15ms]
