2025-10-07 19:14:59.711 [info] [main] Log level: Info
2025-10-07 19:14:59.711 [info] [main] Validating found git in: "git"
2025-10-07 19:14:59.711 [info] [main] Using git "2.51.0" from "git"
2025-10-07 19:14:59.711 [info] [Model][doInitialScan] Initial repository scan started
2025-10-07 19:14:59.711 [info] [Model][doInitialScan] Initial repository scan completed - repositories (0), closed repositories (0), parent repositories (0), unsafe repositories (0)
2025-10-07 19:15:38.210 [info] > git clone https://github.com/aserdevyt/aserdev-dotfiles.git /home/aserdev/aserdev-dotfiles-1 --progress [1043ms]
2025-10-07 19:15:38.210 [info] Cloning into '/home/aserdev/aserdev-dotfiles-1'...
remote: Enumerating objects: 4, done.        
remote: Counting objects:  25% (1/4)        remote: Counting objects:  50% (2/4)        remote: Counting objects:  75% (3/4)        remote: Counting objects: 100% (4/4)        remote: Counting objects: 100% (4/4), done.        
remote: Compressing objects:  33% (1/3)        remote: Compressing objects:  66% (2/3)        remote: Compressing objects: 100% (3/3)        remote: Compressing objects: 100% (3/3), done.        
Receiving objects:  25% (1/4)Receiving objects:  50% (2/4)remote: Total 4 (delta 0), reused 0 (delta 0), pack-reused 0 (from 0)        
Receiving objects:  75% (3/4)Receiving objects: 100% (4/4)Receiving objects: 100% (4/4), 12.73 KiB | 266.00 KiB/s, done.
2025-10-07 19:15:51.162 [info] [main] Log level: Info
2025-10-07 19:15:51.162 [info] [main] Validating found git in: "git"
2025-10-07 19:15:51.162 [info] [main] Using git "2.51.0" from "git"
2025-10-07 19:15:51.162 [info] [Model][doInitialScan] Initial repository scan started
2025-10-07 19:15:51.162 [info] > git rev-parse --show-toplevel [70ms]
2025-10-07 19:15:51.198 [info] > git rev-parse --git-dir --git-common-dir --show-superproject-working-tree [13ms]
2025-10-07 19:15:51.247 [info] [Model][openRepository] Opened repository (path): /home/aserdev/aserdev-dotfiles-1
2025-10-07 19:15:51.247 [info] [Model][openRepository] Opened repository (real path): /home/aserdev/aserdev-dotfiles-1
2025-10-07 19:15:51.247 [info] [Model][openRepository] Opened repository (kind): repository
2025-10-07 19:15:51.262 [info] [Model][doInitialScan] Initial repository scan completed - repositories (1), closed repositories (0), parent repositories (0), unsafe repositories (0)
2025-10-07 19:15:51.303 [info] > git config --get commit.template [27ms]
2025-10-07 19:15:56.850 [info] > git for-each-ref --format=%(refname)%00%(upstream:short)%00%(objectname)%00%(upstream:track)%00%(upstream:remotename)%00%(upstream:remoteref) refs/heads/main refs/remotes/main [5430ms]
2025-10-07 19:15:56.967 [warning] [Git][revParse] Unable to read file: ENOENT: no such file or directory, open '/home/aserdev/aserdev-dotfiles-1/.git/refs/remotes/origin/main'
2025-10-07 19:15:57.134 [info] > git check-ignore -v -z --stdin [270ms]
2025-10-07 19:15:57.137 [info] > git rev-parse refs/remotes/origin/main [171ms]
2025-10-07 19:15:57.184 [info] > git status -z -uall [33ms]
2025-10-07 19:15:57.184 [info] > git for-each-ref --sort -committerdate --format %(refname)%00%(objectname)%00%(*objectname) [19ms]
2025-10-07 19:15:57.637 [info] > git for-each-ref --format=%(refname)%00%(upstream:short)%00%(objectname)%00%(upstream:track)%00%(upstream:remotename)%00%(upstream:remoteref) refs/heads/main refs/remotes/main [380ms]
2025-10-07 19:15:57.678 [info] > git config --get --local branch.main.vscode-merge-base [31ms]
2025-10-07 19:15:57.678 [warning] [Git][config] git config failed: Failed to execute git
2025-10-07 19:15:57.688 [info] > git config --get commit.template [51ms]
2025-10-07 19:15:58.512 [info] > git reflog main --grep-reflog=branch: Created from *. [825ms]
2025-10-07 19:15:58.627 [info] > git symbolic-ref --short refs/remotes/origin/HEAD [97ms]
2025-10-07 19:15:58.654 [info] > git for-each-ref --format=%(refname)%00%(upstream:short)%00%(objectname)%00%(upstream:track)%00%(upstream:remotename)%00%(upstream:remoteref) refs/heads/main refs/remotes/main [158ms]
2025-10-07 19:15:58.683 [warning] [Git][revParse] Unable to read file: ENOENT: no such file or directory, open '/home/aserdev/aserdev-dotfiles-1/.git/refs/remotes/origin/main'
2025-10-07 19:15:58.733 [info] > git for-each-ref --format=%(refname)%00%(upstream:short)%00%(objectname)%00%(upstream:track)%00%(upstream:remotename)%00%(upstream:remoteref) refs/heads/origin/main refs/remotes/origin/main [79ms]
2025-10-07 19:15:58.919 [info] > git config --add --local branch.main.vscode-merge-base origin/main [161ms]
2025-10-07 19:15:58.927 [info] > git rev-parse refs/remotes/origin/main [244ms]
2025-10-07 19:15:59.077 [info] > git config --get commit.template [107ms]
2025-10-07 19:15:59.121 [info] > git for-each-ref --format=%(refname)%00%(upstream:short)%00%(objectname)%00%(upstream:track)%00%(upstream:remotename)%00%(upstream:remoteref) refs/heads/main refs/remotes/main [17ms]
2025-10-07 19:15:59.497 [warning] [Git][revParse] Unable to read file: ENOENT: no such file or directory, open '/home/aserdev/aserdev-dotfiles-1/.git/refs/remotes/origin/main'
2025-10-07 19:15:59.549 [info] > git rev-parse refs/remotes/origin/main [52ms]
2025-10-07 19:15:59.589 [info] > git for-each-ref --sort -committerdate --format %(refname)%00%(objectname)%00%(*objectname) [17ms] (cancelled)
2025-10-07 19:15:59.656 [info] > git status -z -uall [96ms] (cancelled)
2025-10-07 19:15:59.657 [info] > git merge-base refs/heads/main refs/remotes/origin/main [47ms]
2025-10-07 19:15:59.768 [info] > git diff --name-status -z --diff-filter=ADMR d3e7afac246691dbe8f68a724cc2be038d267b57...refs/remotes/origin/main [91ms]
2025-10-07 19:15:59.770 [info] > git config --get commit.template [117ms]
2025-10-07 19:15:59.770 [info] > git merge-base refs/heads/main refs/remotes/origin/main [140ms]
2025-10-07 19:15:59.816 [info] > git diff --name-status -z --diff-filter=ADMR d3e7afac246691dbe8f68a724cc2be038d267b57...refs/remotes/origin/main [33ms]
2025-10-07 19:15:59.862 [info] > git for-each-ref --format=%(refname)%00%(upstream:short)%00%(objectname)%00%(upstream:track)%00%(upstream:remotename)%00%(upstream:remoteref) refs/heads/main refs/remotes/main [25ms]
2025-10-07 19:15:59.917 [warning] [Git][revParse] Unable to read file: ENOENT: no such file or directory, open '/home/aserdev/aserdev-dotfiles-1/.git/refs/remotes/origin/main'
2025-10-07 19:15:59.937 [info] > git rev-parse refs/remotes/origin/main [20ms]
2025-10-07 19:15:59.971 [info] > git status -z -uall [21ms]
2025-10-07 19:15:59.973 [info] > git for-each-ref --sort -committerdate --format %(refname)%00%(objectname)%00%(*objectname) [8ms]
2025-10-07 19:16:11.748 [info] > git check-ignore -v -z --stdin [3458ms]
2025-10-07 19:16:14.568 [info] > git check-ignore -v -z --stdin [3ms]
2025-10-07 19:16:15.059 [info] > git config --get commit.template [8ms]
2025-10-07 19:16:15.145 [info] > git for-each-ref --format=%(refname)%00%(upstream:short)%00%(objectname)%00%(upstream:track)%00%(upstream:remotename)%00%(upstream:remoteref) refs/heads/main refs/remotes/main [15ms]
2025-10-07 19:16:15.228 [warning] [Git][revParse] Unable to read file: ENOENT: no such file or directory, open '/home/aserdev/aserdev-dotfiles-1/.git/refs/remotes/origin/main'
2025-10-07 19:16:15.258 [info] > git rev-parse refs/remotes/origin/main [30ms]
2025-10-07 19:16:15.443 [info] > git for-each-ref --sort -committerdate --format %(refname)%00%(objectname)%00%(*objectname) [32ms]
2025-10-07 19:16:15.517 [info] > git status -z -uall [184ms]
2025-10-07 19:16:20.945 [info] > git log --format=%H%n%aN%n%aE%n%at%n%ct%n%P%n%D%n%B -z --shortstat --diff-merges=first-parent -n50 --skip=0 --topo-order --decorate=full --stdin [125ms]
2025-10-07 19:16:29.935 [info] > git add -A -- . [2467ms]
2025-10-07 19:16:29.935 [info] warning: adding embedded git repository: .oh-my-zsh
hint: You've added another git repository inside your current repository.
hint: Clones of the outer repository will not contain the contents of
hint: the embedded repository and will not know how to obtain it.
hint: If you meant to add a submodule, use:
hint:
hint: 	git submodule add <url> .oh-my-zsh
hint:
hint: If you added this path by mistake, you can remove it from the
hint: index with:
hint:
hint: 	git rm --cached .oh-my-zsh
hint:
hint: See "git help submodule" for more information.
hint: Disable this message with "git config set advice.addEmbeddedRepo false"
2025-10-07 19:16:32.148 [info] > git check-ignore -v -z --stdin [17ms]
2025-10-07 19:16:32.840 [info] > git check-ignore -v -z --stdin [7ms]
2025-10-07 19:16:32.925 [info] > git show --textconv :.git/COMMIT_EDITMSG [36ms]
2025-10-07 19:16:32.956 [info] > git ls-files --stage -- .git/COMMIT_EDITMSG [34ms]
2025-10-07 19:16:32.994 [info] > git hash-object -t tree /dev/null [41ms]
2025-10-07 19:16:32.994 [warning] [GitFileSystemProvider][readFile] File not found - git:/home/aserdev/aserdev-dotfiles-1/.git/COMMIT_EDITMSG.git?%7B%22path%22%3A%22%2Fhome%2Faserdev%2Faserdev-dotfiles-1%2F.git%2FCOMMIT_EDITMSG%22%2C%22ref%22%3A%22%22%7D
2025-10-07 19:16:33.015 [info] > git hash-object -t tree /dev/null [26ms]
2025-10-07 19:16:33.016 [warning] [GitFileSystemProvider][stat] File not found - git:/home/aserdev/aserdev-dotfiles-1/.git/COMMIT_EDITMSG.git?%7B%22path%22%3A%22%2Fhome%2Faserdev%2Faserdev-dotfiles-1%2F.git%2FCOMMIT_EDITMSG%22%2C%22ref%22%3A%22%22%7D
2025-10-07 19:16:34.020 [info] > git blame --root --incremental d3e7afac246691dbe8f68a724cc2be038d267b57 -- .git/COMMIT_EDITMSG [10ms]
2025-10-07 19:16:34.020 [info] fatal: no such path .git/COMMIT_EDITMSG in d3e7afac246691dbe8f68a724cc2be038d267b57
2025-10-07 19:16:42.020 [info] > git -c user.useConfigOnly=true commit --quiet [12070ms]
2025-10-07 19:16:42.157 [info] > git config --get commit.template [32ms]
2025-10-07 19:16:42.167 [info] > git for-each-ref --format=%(refname)%00%(upstream:short)%00%(objectname)%00%(upstream:track)%00%(upstream:remotename)%00%(upstream:remoteref) refs/heads/main refs/remotes/main [13ms]
2025-10-07 19:16:42.194 [warning] [Git][revParse] Unable to read file: ENOENT: no such file or directory, open '/home/aserdev/aserdev-dotfiles-1/.git/refs/remotes/origin/main'
2025-10-07 19:16:42.198 [info] > git rev-parse refs/remotes/origin/main [4ms]
2025-10-07 19:16:42.306 [info] > git for-each-ref --sort -committerdate --format %(refname)%00%(objectname)%00%(*objectname) [34ms]
2025-10-07 19:16:42.367 [info] > git status -z -uall [139ms]
2025-10-07 19:16:42.538 [info] > git merge-base refs/heads/main refs/remotes/origin/main [34ms]
2025-10-07 19:16:42.581 [info] > git diff --name-status -z --diff-filter=ADMR d3e7afac246691dbe8f68a724cc2be038d267b57...refs/remotes/origin/main [15ms]
2025-10-07 19:16:43.405 [info] > git config --get commit.template [12ms]
2025-10-07 19:16:43.445 [info] > git for-each-ref --format=%(refname)%00%(upstream:short)%00%(objectname)%00%(upstream:track)%00%(upstream:remotename)%00%(upstream:remoteref) refs/heads/main refs/remotes/main [8ms]
2025-10-07 19:16:43.475 [warning] [Git][revParse] Unable to read file: ENOENT: no such file or directory, open '/home/aserdev/aserdev-dotfiles-1/.git/refs/remotes/origin/main'
2025-10-07 19:16:43.484 [info] > git rev-parse refs/remotes/origin/main [8ms]
2025-10-07 19:16:43.543 [info] > git for-each-ref --sort -committerdate --format %(refname)%00%(objectname)%00%(*objectname) [5ms]
2025-10-07 19:16:43.579 [info] > git status -z -uall [71ms]
2025-10-07 19:16:45.957 [info] > git log --oneline --cherry main...main@{upstream} -- [4ms]
2025-10-07 19:16:47.094 [info] > git pull --tags origin main [1102ms]
2025-10-07 19:16:47.094 [info] From https://github.com/aserdevyt/aserdev-dotfiles
 * branch            main       -> FETCH_HEAD
2025-10-07 19:16:59.011 [info] > git push origin main:main [11892ms]
2025-10-07 19:16:59.012 [info] To https://github.com/aserdevyt/aserdev-dotfiles.git
   d3e7afa..85254f9  main -> main
2025-10-07 19:16:59.044 [info] > git config --get commit.template [17ms]
2025-10-07 19:16:59.045 [info] > git for-each-ref --format=%(refname)%00%(upstream:short)%00%(objectname)%00%(upstream:track)%00%(upstream:remotename)%00%(upstream:remoteref) refs/heads/main refs/remotes/main [3ms]
2025-10-07 19:16:59.087 [info] > git for-each-ref --sort -committerdate --format %(refname)%00%(objectname)%00%(*objectname) [8ms]
2025-10-07 19:16:59.105 [info] > git status -z -uall [47ms]
2025-10-07 19:16:59.138 [info] > git merge-base refs/heads/main refs/remotes/origin/main [4ms]
2025-10-07 19:16:59.158 [info] > git diff --name-status -z --diff-filter=ADMR 85254f980f365d8f941fcf1b33748d282ef94ee9...refs/remotes/origin/main [5ms]
2025-10-07 19:17:10.835 [info] > git fetch [791ms]
2025-10-07 19:17:10.863 [info] > git config --get commit.template [13ms]
2025-10-07 19:17:10.864 [info] > git for-each-ref --format=%(refname)%00%(upstream:short)%00%(objectname)%00%(upstream:track)%00%(upstream:remotename)%00%(upstream:remoteref) refs/heads/main refs/remotes/main [2ms]
2025-10-07 19:17:10.907 [info] > git for-each-ref --sort -committerdate --format %(refname)%00%(objectname)%00%(*objectname) [6ms]
2025-10-07 19:17:10.929 [info] > git status -z -uall [53ms]
