2025-10-07 19:14:58.413 [info] Reading sessions from keychain...
2025-10-07 19:14:58.413 [info] Getting sessions for all scopes...
2025-10-07 19:14:58.457 [info] Got stored sessions!
2025-10-07 19:14:58.458 [info] Got 1 verified sessions.
2025-10-07 19:14:58.458 [info] Got 1 sessions for ...
2025-10-07 19:14:58.458 [info] Getting sessions for all scopes...
2025-10-07 19:14:58.460 [info] Got 1 sessions for ...
2025-10-07 19:14:58.460 [info] Getting sessions for all scopes...
2025-10-07 19:14:58.460 [info] Got 1 sessions for ...
2025-10-07 19:14:58.461 [info] Getting sessions for all scopes...
2025-10-07 19:14:58.461 [info] Got 1 sessions for ...
2025-10-07 19:14:58.461 [info] Getting sessions for all scopes...
2025-10-07 19:14:58.461 [info] Got 1 sessions for ...
2025-10-07 19:14:58.463 [info] Getting sessions for all scopes...
2025-10-07 19:14:58.463 [info] Got 1 sessions for ...
2025-10-07 19:14:58.463 [info] Getting sessions for all scopes...
2025-10-07 19:14:58.463 [info] Got 1 sessions for ...
2025-10-07 19:14:58.464 [info] Getting sessions for all scopes...
2025-10-07 19:14:58.464 [info] Got 1 sessions for ...
2025-10-07 19:14:58.946 [info] Getting sessions for all scopes...
2025-10-07 19:14:58.946 [info] Got 1 sessions for ...
2025-10-07 19:14:58.949 [info] Getting sessions for all scopes...
2025-10-07 19:14:58.949 [info] Got 1 sessions for ...
2025-10-07 19:14:58.950 [info] Getting sessions for all scopes...
2025-10-07 19:14:58.950 [info] Got 1 sessions for ...
2025-10-07 19:14:58.951 [info] Getting sessions for all scopes...
2025-10-07 19:14:58.952 [info] Got 1 sessions for ...
2025-10-07 19:14:58.952 [info] Getting sessions for all scopes...
2025-10-07 19:14:58.952 [info] Got 1 sessions for ...
2025-10-07 19:14:58.953 [info] Getting sessions for all scopes...
2025-10-07 19:14:58.953 [info] Got 1 sessions for ...
2025-10-07 19:15:12.196 [info] fetching: Electron fetch failed with status: 429 
2025-10-07 19:15:12.318 [info] Getting sessions for all scopes...
2025-10-07 19:15:12.318 [info] Got 1 sessions for ...
2025-10-07 19:15:12.371 [info] Getting sessions for all scopes...
2025-10-07 19:15:12.371 [info] Got 1 sessions for ...
2025-10-07 19:15:12.372 [info] Getting sessions for all scopes...
2025-10-07 19:15:12.372 [info] Got 1 sessions for ...
2025-10-07 19:15:12.375 [info] Getting sessions for all scopes...
2025-10-07 19:15:12.375 [info] Got 1 sessions for ...
2025-10-07 19:15:12.844 [info] Getting sessions for all scopes...
2025-10-07 19:15:12.844 [info] Got 1 sessions for ...
2025-10-07 19:15:12.845 [info] Getting sessions for all scopes...
2025-10-07 19:15:12.845 [info] Got 1 sessions for ...
2025-10-07 19:15:15.878 [info] Getting sessions for read:user,repo,user:email,workflow...
2025-10-07 19:15:15.879 [info] Got 1 sessions for read:user,repo,user:email,workflow...
2025-10-07 19:15:15.950 [info] Getting sessions for all scopes...
2025-10-07 19:15:15.950 [info] Got 1 sessions for ...
2025-10-07 19:15:15.980 [info] Getting sessions for all scopes...
2025-10-07 19:15:15.980 [info] Got 1 sessions for ...
2025-10-07 19:15:15.985 [info] Getting sessions for read:user,repo,user:email,workflow...
2025-10-07 19:15:15.985 [info] Got 1 sessions for read:user,repo,user:email,workflow...
2025-10-07 19:15:17.072 [info] fetching: Node fetch failed with status: 429 Too Many Requests
2025-10-07 19:15:17.186 [info] Getting sessions for all scopes...
2025-10-07 19:15:17.186 [info] Got 1 sessions for ...
2025-10-07 19:15:17.193 [info] Getting sessions for all scopes...
2025-10-07 19:15:17.193 [info] Got 1 sessions for ...
2025-10-07 19:15:17.210 [info] Getting sessions for read:user,repo,user:email,workflow...
2025-10-07 19:15:17.210 [info] Got 1 sessions for read:user,repo,user:email,workflow...
2025-10-07 19:15:17.279 [info] Getting sessions for all scopes...
2025-10-07 19:15:17.279 [info] Got 1 sessions for ...
2025-10-07 19:15:17.280 [info] Getting sessions for all scopes...
2025-10-07 19:15:17.280 [info] Got 1 sessions for ...
2025-10-07 19:15:17.285 [info] Getting sessions for read:user,repo,user:email,workflow...
2025-10-07 19:15:17.285 [info] Got 1 sessions for read:user,repo,user:email,workflow...
2025-10-07 19:15:17.656 [info] fetching: Node http/s failed with status: 429 Too Many Requests
2025-10-07 19:15:17.735 [info] Getting sessions for all scopes...
2025-10-07 19:15:17.735 [info] Got 1 sessions for ...
2025-10-07 19:15:17.741 [info] Getting sessions for read:user,repo,user:email,workflow...
2025-10-07 19:15:17.741 [info] Got 1 sessions for read:user,repo,user:email,workflow...
2025-10-07 19:15:17.976 [info] Getting sessions for all scopes...
2025-10-07 19:15:17.976 [info] Got 1 sessions for ...
2025-10-07 19:15:17.977 [info] Getting sessions for all scopes...
2025-10-07 19:15:17.977 [info] Got 1 sessions for ...
2025-10-07 19:15:18.313 [info] Getting sessions for read:user,repo,user:email,workflow...
2025-10-07 19:15:18.313 [info] Got 1 sessions for read:user,repo,user:email,workflow...
2025-10-07 19:15:18.325 [info] Getting sessions for all scopes...
2025-10-07 19:15:18.325 [info] Got 1 sessions for ...
2025-10-07 19:15:18.334 [info] Getting sessions for read:user,repo,user:email,workflow...
2025-10-07 19:15:18.334 [info] Got 1 sessions for read:user,repo,user:email,workflow...
2025-10-07 19:15:18.850 [info] Getting sessions for all scopes...
2025-10-07 19:15:18.850 [info] Got 1 sessions for ...
2025-10-07 19:15:18.927 [info] Getting sessions for read:user,repo,user:email,workflow...
2025-10-07 19:15:18.927 [info] Got 1 sessions for read:user,repo,user:email,workflow...
2025-10-07 19:15:18.945 [info] Getting sessions for all scopes...
2025-10-07 19:15:18.946 [info] Got 1 sessions for ...
2025-10-07 19:15:18.949 [info] Getting sessions for all scopes...
2025-10-07 19:15:18.949 [info] Got 1 sessions for ...
2025-10-07 19:15:18.955 [info] Getting sessions for all scopes...
2025-10-07 19:15:18.955 [info] Got 1 sessions for ...
2025-10-07 19:15:19.014 [info] Getting sessions for read:user,repo,user:email,workflow...
2025-10-07 19:15:19.014 [info] Got 1 sessions for read:user,repo,user:email,workflow...
2025-10-07 19:15:19.018 [info] Getting sessions for all scopes...
2025-10-07 19:15:19.018 [info] Got 1 sessions for ...
2025-10-07 19:15:19.021 [info] Getting sessions for read:user,repo,user:email,workflow...
2025-10-07 19:15:19.021 [info] Got 1 sessions for read:user,repo,user:email,workflow...
2025-10-07 19:15:21.152 [info] Getting sessions for all scopes...
2025-10-07 19:15:21.152 [info] Got 1 sessions for ...
2025-10-07 19:15:30.154 [info] Getting sessions for read:user,repo,user:email,workflow...
2025-10-07 19:15:30.154 [info] Got 1 sessions for read:user,repo,user:email,workflow...
2025-10-07 19:15:50.865 [info] Reading sessions from keychain...
2025-10-07 19:15:50.865 [info] Got stored sessions!
2025-10-07 19:15:50.865 [info] Got 1 verified sessions.
2025-10-07 19:15:50.865 [info] Getting sessions for all scopes...
2025-10-07 19:15:50.865 [info] Got 1 sessions for ...
2025-10-07 19:15:50.865 [info] Getting sessions for all scopes...
2025-10-07 19:15:50.865 [info] Got 1 sessions for ...
2025-10-07 19:15:50.865 [info] Getting sessions for all scopes...
2025-10-07 19:15:50.865 [info] Got 1 sessions for ...
2025-10-07 19:15:50.865 [info] Getting sessions for all scopes...
2025-10-07 19:15:50.865 [info] Got 1 sessions for ...
2025-10-07 19:15:50.865 [info] Getting sessions for all scopes...
2025-10-07 19:15:50.865 [info] Got 1 sessions for ...
2025-10-07 19:15:50.865 [info] Getting sessions for all scopes...
2025-10-07 19:15:50.865 [info] Got 1 sessions for ...
2025-10-07 19:15:50.865 [info] Getting sessions for all scopes...
2025-10-07 19:15:50.865 [info] Got 1 sessions for ...
2025-10-07 19:15:50.865 [info] Getting sessions for all scopes...
2025-10-07 19:15:50.865 [info] Got 1 sessions for ...
2025-10-07 19:15:50.865 [info] Getting sessions for all scopes...
2025-10-07 19:15:50.865 [info] Got 1 sessions for ...
2025-10-07 19:15:50.865 [info] Getting sessions for all scopes...
2025-10-07 19:15:50.865 [info] Got 1 sessions for ...
2025-10-07 19:15:50.865 [info] Getting sessions for all scopes...
2025-10-07 19:15:50.865 [info] Got 1 sessions for ...
2025-10-07 19:15:50.865 [info] Getting sessions for all scopes...
2025-10-07 19:15:50.865 [info] Got 1 sessions for ...
2025-10-07 19:15:50.865 [info] Getting sessions for all scopes...
2025-10-07 19:15:50.865 [info] Got 1 sessions for ...
2025-10-07 19:15:50.865 [info] Getting sessions for all scopes...
2025-10-07 19:15:50.865 [info] Got 1 sessions for ...
2025-10-07 19:15:50.865 [info] Getting sessions for all scopes...
2025-10-07 19:15:50.865 [info] Got 1 sessions for ...
2025-10-07 19:15:50.865 [info] Getting sessions for all scopes...
2025-10-07 19:15:50.865 [info] Got 1 sessions for ...
2025-10-07 19:15:50.865 [info] Getting sessions for all scopes...
2025-10-07 19:15:50.865 [info] Got 1 sessions for ...
2025-10-07 19:15:51.068 [info] Getting sessions for read:user,repo,user:email,workflow...
2025-10-07 19:15:51.069 [info] Got 1 sessions for read:user,repo,user:email,workflow...
2025-10-07 19:15:56.952 [info] fetching: Electron fetch failed with status: 429 
2025-10-07 19:15:57.167 [info] Getting sessions for all scopes...
2025-10-07 19:15:57.167 [info] Got 1 sessions for ...
2025-10-07 19:15:58.465 [info] Getting sessions for read:user,repo,user:email,workflow...
2025-10-07 19:15:58.465 [info] Got 1 sessions for read:user,repo,user:email,workflow...
2025-10-07 19:15:58.468 [info] Getting sessions for all scopes...
2025-10-07 19:15:58.468 [info] Got 1 sessions for ...
2025-10-07 19:15:58.550 [info] Getting sessions for all scopes...
2025-10-07 19:15:58.551 [info] Got 1 sessions for ...
2025-10-07 19:15:58.657 [info] Getting sessions for read:user,repo,user:email,workflow...
2025-10-07 19:15:58.657 [info] Got 1 sessions for read:user,repo,user:email,workflow...
2025-10-07 19:15:58.838 [info] fetching: Node fetch failed with status: 429 Too Many Requests
2025-10-07 19:15:58.944 [info] Getting sessions for all scopes...
2025-10-07 19:15:58.944 [info] Got 1 sessions for ...
2025-10-07 19:15:59.082 [info] Getting sessions for read:user,repo,user:email,workflow...
2025-10-07 19:15:59.082 [info] Got 1 sessions for read:user,repo,user:email,workflow...
2025-10-07 19:15:59.114 [info] Getting sessions for read:user,repo,user:email,workflow...
2025-10-07 19:15:59.114 [info] Got 1 sessions for read:user,repo,user:email,workflow...
2025-10-07 19:15:59.858 [info] Getting sessions for all scopes...
2025-10-07 19:15:59.858 [info] Got 1 sessions for ...
2025-10-07 19:15:59.859 [info] Getting sessions for all scopes...
2025-10-07 19:15:59.859 [info] Got 1 sessions for ...
2025-10-07 19:15:59.986 [info] Getting sessions for read:user,repo,user:email,workflow...
2025-10-07 19:15:59.986 [info] Got 1 sessions for read:user,repo,user:email,workflow...
2025-10-07 19:15:59.991 [info] Getting sessions for all scopes...
2025-10-07 19:15:59.992 [info] Got 1 sessions for ...
2025-10-07 19:15:59.994 [info] Getting sessions for read:user,repo,user:email,workflow...
2025-10-07 19:15:59.994 [info] Got 1 sessions for read:user,repo,user:email,workflow...
2025-10-07 19:16:00.205 [info] fetching: Node http/s failed with status: 429 Too Many Requests
2025-10-07 19:16:00.322 [info] Getting sessions for all scopes...
2025-10-07 19:16:00.322 [info] Got 1 sessions for ...
2025-10-07 19:16:00.339 [info] Getting sessions for read:user,repo,user:email,workflow...
2025-10-07 19:16:00.339 [info] Got 1 sessions for read:user,repo,user:email,workflow...
2025-10-07 19:16:00.375 [info] Getting sessions for all scopes...
2025-10-07 19:16:00.375 [info] Got 1 sessions for ...
2025-10-07 19:16:00.378 [info] Getting sessions for all scopes...
2025-10-07 19:16:00.378 [info] Got 1 sessions for ...
2025-10-07 19:16:00.378 [info] Getting sessions for all scopes...
2025-10-07 19:16:00.378 [info] Got 1 sessions for ...
2025-10-07 19:16:00.383 [info] Getting sessions for read:user,repo,user:email,workflow...
2025-10-07 19:16:00.384 [info] Got 1 sessions for read:user,repo,user:email,workflow...
2025-10-07 19:16:00.391 [info] Getting sessions for all scopes...
2025-10-07 19:16:00.391 [info] Got 1 sessions for ...
2025-10-07 19:16:00.397 [info] Getting sessions for read:user,repo,user:email,workflow...
2025-10-07 19:16:00.397 [info] Got 1 sessions for read:user,repo,user:email,workflow...
2025-10-07 19:16:15.254 [info] Getting sessions for all scopes...
2025-10-07 19:16:15.254 [info] Got 1 sessions for ...
2025-10-07 19:16:20.896 [info] Getting sessions for all scopes...
2025-10-07 19:16:20.896 [info] Got 1 sessions for ...
2025-10-07 19:16:20.899 [info] Getting sessions for all scopes...
2025-10-07 19:16:20.899 [info] Got 1 sessions for ...
2025-10-07 19:16:20.901 [info] Getting sessions for all scopes...
2025-10-07 19:16:20.901 [info] Got 1 sessions for ...
2025-10-07 19:16:48.323 [info] Getting sessions for read:user,repo,user:email,workflow...
2025-10-07 19:16:48.323 [info] Got 1 sessions for read:user,repo,user:email,workflow...
2025-10-07 19:19:48.609 [info] Getting sessions for read:user,repo,user:email,workflow...
2025-10-07 19:19:48.609 [info] Got 1 sessions for read:user,repo,user:email,workflow...
