2025-10-07 19:07:58.254 [info] Reading sessions from keychain...
2025-10-07 19:07:58.254 [info] Getting sessions for all scopes...
2025-10-07 19:07:58.254 [info] Got 0 sessions for ...
2025-10-07 19:07:58.254 [info] Getting sessions for all scopes...
2025-10-07 19:07:58.254 [info] Got 0 sessions for ...
2025-10-07 19:07:58.254 [info] Getting sessions for all scopes...
2025-10-07 19:07:58.254 [info] Got 0 sessions for ...
2025-10-07 19:07:58.254 [info] Getting sessions for all scopes...
2025-10-07 19:07:58.254 [info] Got 0 sessions for ...
2025-10-07 19:07:58.254 [info] Getting sessions for all scopes...
2025-10-07 19:07:58.254 [info] Got 0 sessions for ...
2025-10-07 19:07:58.254 [info] Getting sessions for all scopes...
2025-10-07 19:07:58.254 [info] Got 0 sessions for ...
2025-10-07 19:07:58.254 [info] Getting sessions for all scopes...
2025-10-07 19:07:58.254 [info] Got 0 sessions for ...
2025-10-07 19:07:58.254 [info] Getting sessions for all scopes...
2025-10-07 19:07:58.254 [info] Got 0 sessions for ...
2025-10-07 19:07:58.254 [info] Getting sessions for all scopes...
2025-10-07 19:07:58.254 [info] Got 0 sessions for ...
2025-10-07 19:07:58.254 [info] Getting sessions for all scopes...
2025-10-07 19:07:58.254 [info] Got 0 sessions for ...
2025-10-07 19:07:58.254 [info] Getting sessions for all scopes...
2025-10-07 19:07:58.254 [info] Got 0 sessions for ...
2025-10-07 19:07:58.254 [info] Getting sessions for all scopes...
2025-10-07 19:07:58.254 [info] Got 0 sessions for ...
2025-10-07 19:07:58.254 [info] Getting sessions for all scopes...
2025-10-07 19:07:58.254 [info] Got 0 sessions for ...
2025-10-07 19:07:58.254 [info] Getting sessions for all scopes...
2025-10-07 19:07:58.254 [info] Got 0 sessions for ...
2025-10-07 19:07:58.254 [info] Getting sessions for all scopes...
2025-10-07 19:07:58.254 [info] Got 0 sessions for ...
2025-10-07 19:07:58.254 [info] Getting sessions for all scopes...
2025-10-07 19:07:58.254 [info] Got 0 sessions for ...
2025-10-07 19:07:58.254 [info] Getting sessions for all scopes...
2025-10-07 19:07:58.254 [info] Got 0 sessions for ...
2025-10-07 19:07:58.254 [info] Getting sessions for all scopes...
2025-10-07 19:07:58.255 [info] Got 0 sessions for ...
2025-10-07 19:07:58.255 [info] Getting sessions for all scopes...
2025-10-07 19:07:58.255 [info] Got 0 sessions for ...
2025-10-07 19:07:58.255 [info] Getting sessions for all scopes...
2025-10-07 19:07:58.255 [info] Got 0 sessions for ...
2025-10-07 19:07:58.255 [info] Getting sessions for user:email...
2025-10-07 19:07:58.255 [info] Got 0 sessions for user:email...
2025-10-07 19:07:58.255 [info] Getting sessions for read:user,repo,user:email,workflow...
2025-10-07 19:07:58.255 [info] Got 0 sessions for read:user,repo,user:email,workflow...
2025-10-07 19:07:58.447 [info] Getting sessions for all scopes...
2025-10-07 19:07:58.447 [info] Got 0 sessions for ...
2025-10-07 19:08:03.042 [info] Getting sessions for all scopes...
2025-10-07 19:08:03.042 [info] Got 0 sessions for ...
2025-10-07 19:08:03.349 [info] Getting sessions for user:email...
2025-10-07 19:08:03.349 [info] Got 0 sessions for user:email...
2025-10-07 19:08:03.947 [info] Getting sessions for all scopes...
2025-10-07 19:08:03.947 [info] Got 0 sessions for ...
2025-10-07 19:08:03.992 [info] Getting sessions for all scopes...
2025-10-07 19:08:03.992 [info] Got 0 sessions for ...
2025-10-07 19:08:03.993 [info] Getting sessions for all scopes...
2025-10-07 19:08:03.993 [info] Got 0 sessions for ...
2025-10-07 19:08:03.994 [info] Getting sessions for read:user,repo,user:email,workflow...
2025-10-07 19:08:03.994 [info] Got 0 sessions for read:user,repo,user:email,workflow...
2025-10-07 19:08:04.000 [info] Getting sessions for user:email...
2025-10-07 19:08:04.000 [info] Got 0 sessions for user:email...
2025-10-07 19:08:04.000 [info] Getting sessions for read:user...
2025-10-07 19:08:04.000 [info] Got 0 sessions for read:user...
2025-10-07 19:08:04.015 [info] Getting sessions for user:email...
2025-10-07 19:08:04.015 [info] Got 0 sessions for user:email...
2025-10-07 19:08:04.591 [info] Getting sessions for all scopes...
2025-10-07 19:08:04.591 [info] Got 0 sessions for ...
2025-10-07 19:08:04.595 [info] Getting sessions for user:email...
2025-10-07 19:08:04.595 [info] Got 0 sessions for user:email...
2025-10-07 19:08:04.598 [info] Getting sessions for all scopes...
2025-10-07 19:08:04.598 [info] Got 0 sessions for ...
2025-10-07 19:08:04.598 [info] Getting sessions for all scopes...
2025-10-07 19:08:04.598 [info] Got 0 sessions for ...
2025-10-07 19:08:04.600 [info] Getting sessions for user:email...
2025-10-07 19:08:04.600 [info] Got 0 sessions for user:email...
2025-10-07 19:11:00.440 [info] Getting sessions for read:user,repo,user:email,workflow...
2025-10-07 19:11:00.440 [info] Got 0 sessions for read:user,repo,user:email,workflow...
2025-10-07 19:11:02.049 [info] Logging in with 'any' account...
2025-10-07 19:11:02.049 [info] Logging in for the following scopes: read:user repo user:email workflow
2025-10-07 19:11:02.103 [info] Trying with local server... (read:user repo user:email workflow)
2025-10-07 19:11:16.815 [info] Exchanging code for token...
2025-10-07 19:11:17.510 [info] fetching: Electron fetch succeeded (JSON)
2025-10-07 19:11:17.510 [info] Token exchange success!
2025-10-07 19:11:17.512 [info] Getting user info...
2025-10-07 19:11:18.963 [info] Got account info!
2025-10-07 19:11:18.964 [info] Storing 1 sessions...
2025-10-07 19:11:18.970 [info] Reading sessions from keychain...
2025-10-07 19:11:18.971 [info] Stored 1 sessions!
2025-10-07 19:11:18.971 [info] Login success!
2025-10-07 19:11:18.973 [info] Getting sessions for all scopes...
2025-10-07 19:11:18.980 [info] Got stored sessions!
2025-10-07 19:11:18.980 [info] Got 1 verified sessions.
2025-10-07 19:11:18.980 [info] Got 1 sessions for ...
2025-10-07 19:11:18.981 [info] Getting sessions for all scopes...
2025-10-07 19:11:18.981 [info] Got 1 sessions for ...
2025-10-07 19:11:18.981 [info] Getting sessions for all scopes...
2025-10-07 19:11:18.981 [info] Got 1 sessions for ...
2025-10-07 19:11:18.983 [info] Getting sessions for all scopes...
2025-10-07 19:11:18.983 [info] Got 1 sessions for ...
2025-10-07 19:11:18.990 [info] Getting sessions for all scopes...
2025-10-07 19:11:18.990 [info] Got 1 sessions for ...
2025-10-07 19:11:18.991 [info] Getting sessions for all scopes...
2025-10-07 19:11:18.991 [info] Got 1 sessions for ...
2025-10-07 19:11:18.992 [info] Getting sessions for all scopes...
2025-10-07 19:11:18.992 [info] Got 1 sessions for ...
2025-10-07 19:11:18.993 [info] Getting sessions for all scopes...
2025-10-07 19:11:18.993 [info] Got 1 sessions for ...
2025-10-07 19:11:18.994 [info] Getting sessions for read:user,repo,user:email,workflow...
2025-10-07 19:11:18.994 [info] Got 1 sessions for read:user,repo,user:email,workflow...
2025-10-07 19:11:19.258 [info] Getting sessions for read:user,repo,user:email,workflow...
2025-10-07 19:11:19.258 [info] Got 1 sessions for read:user,repo,user:email,workflow...
2025-10-07 19:11:19.262 [info] Getting sessions for all scopes...
2025-10-07 19:11:19.262 [info] Got 1 sessions for ...
2025-10-07 19:11:19.264 [info] Getting sessions for read:user,repo,user:email,workflow...
2025-10-07 19:11:19.265 [info] Got 1 sessions for read:user,repo,user:email,workflow...
2025-10-07 19:11:19.268 [info] Getting sessions for all scopes...
2025-10-07 19:11:19.268 [info] Got 1 sessions for ...
2025-10-07 19:11:19.272 [info] Getting sessions for read:user,repo,user:email,workflow...
2025-10-07 19:11:19.273 [info] Got 1 sessions for read:user,repo,user:email,workflow...
2025-10-07 19:11:19.924 [info] Getting sessions for all scopes...
2025-10-07 19:11:19.966 [info] Got 1 sessions for ...
2025-10-07 19:11:19.967 [info] Getting sessions for all scopes...
2025-10-07 19:11:19.967 [info] Got 1 sessions for ...
2025-10-07 19:11:19.973 [info] Getting sessions for read:user,repo,user:email,workflow...
2025-10-07 19:11:19.973 [info] Got 1 sessions for read:user,repo,user:email,workflow...
2025-10-07 19:11:19.977 [info] Getting sessions for all scopes...
2025-10-07 19:11:19.977 [info] Got 1 sessions for ...
2025-10-07 19:11:19.979 [info] Getting sessions for read:user,repo,user:email,workflow...
2025-10-07 19:11:19.979 [info] Got 1 sessions for read:user,repo,user:email,workflow...
2025-10-07 19:11:20.520 [info] Getting sessions for all scopes...
2025-10-07 19:11:20.520 [info] Got 1 sessions for ...
2025-10-07 19:11:20.632 [info] Getting sessions for all scopes...
2025-10-07 19:11:20.632 [info] Got 1 sessions for ...
2025-10-07 19:11:20.740 [info] Getting sessions for read:user,repo,user:email,workflow...
2025-10-07 19:11:20.741 [info] Got 1 sessions for read:user,repo,user:email,workflow...
2025-10-07 19:11:20.758 [info] Getting sessions for all scopes...
2025-10-07 19:11:20.758 [info] Got 1 sessions for ...
2025-10-07 19:11:20.762 [info] Getting sessions for all scopes...
2025-10-07 19:11:20.762 [info] Got 1 sessions for ...
2025-10-07 19:11:20.764 [info] Getting sessions for all scopes...
2025-10-07 19:11:20.764 [info] Got 1 sessions for ...
2025-10-07 19:11:20.779 [info] Getting sessions for read:user,repo,user:email,workflow...
2025-10-07 19:11:20.779 [info] Got 1 sessions for read:user,repo,user:email,workflow...
2025-10-07 19:11:21.836 [info] Getting sessions for all scopes...
2025-10-07 19:11:21.836 [info] Got 1 sessions for ...
2025-10-07 19:11:21.841 [info] Getting sessions for read:user,repo,user:email,workflow...
2025-10-07 19:11:21.841 [info] Got 1 sessions for read:user,repo,user:email,workflow...
2025-10-07 19:11:21.871 [info] Getting sessions for all scopes...
2025-10-07 19:11:21.871 [info] Got 1 sessions for ...
2025-10-07 19:11:21.873 [info] Getting sessions for read:user,repo,user:email,workflow...
2025-10-07 19:11:21.873 [info] Got 1 sessions for read:user,repo,user:email,workflow...
2025-10-07 19:11:23.444 [info] Getting sessions for all scopes...
2025-10-07 19:11:23.444 [info] Got 1 sessions for ...
2025-10-07 19:11:26.861 [info] Getting sessions for all scopes...
2025-10-07 19:11:26.861 [info] Got 1 sessions for ...
2025-10-07 19:11:26.867 [info] Getting sessions for read:user,repo,user:email,workflow...
2025-10-07 19:11:26.867 [info] Got 1 sessions for read:user,repo,user:email,workflow...
2025-10-07 19:11:27.639 [info] Getting sessions for all scopes...
2025-10-07 19:11:27.639 [info] Got 1 sessions for ...
2025-10-07 19:11:27.643 [info] Getting sessions for read:user,repo,user:email,workflow...
2025-10-07 19:11:27.643 [info] Got 1 sessions for read:user,repo,user:email,workflow...
2025-10-07 19:11:28.281 [info] Getting sessions for all scopes...
2025-10-07 19:11:28.281 [info] Got 1 sessions for ...
2025-10-07 19:11:28.284 [info] Getting sessions for read:user,repo,user:email,workflow...
2025-10-07 19:11:28.284 [info] Got 1 sessions for read:user,repo,user:email,workflow...
2025-10-07 19:11:40.214 [info] Reading sessions from keychain...
2025-10-07 19:11:40.214 [info] Getting sessions for all scopes...
2025-10-07 19:11:40.214 [info] Got stored sessions!
2025-10-07 19:11:40.214 [info] Got 1 verified sessions.
2025-10-07 19:11:40.214 [info] Got 1 sessions for ...
2025-10-07 19:11:40.214 [info] Getting sessions for all scopes...
2025-10-07 19:11:40.214 [info] Got 1 sessions for ...
2025-10-07 19:11:40.214 [info] Getting sessions for all scopes...
2025-10-07 19:11:40.214 [info] Got 1 sessions for ...
2025-10-07 19:11:40.214 [info] Getting sessions for all scopes...
2025-10-07 19:11:40.214 [info] Got 1 sessions for ...
2025-10-07 19:11:40.214 [info] Getting sessions for all scopes...
2025-10-07 19:11:40.214 [info] Got 1 sessions for ...
2025-10-07 19:11:40.214 [info] Getting sessions for all scopes...
2025-10-07 19:11:40.214 [info] Got 1 sessions for ...
2025-10-07 19:11:40.214 [info] Getting sessions for all scopes...
2025-10-07 19:11:40.214 [info] Got 1 sessions for ...
2025-10-07 19:11:40.214 [info] Getting sessions for all scopes...
2025-10-07 19:11:40.214 [info] Got 1 sessions for ...
2025-10-07 19:11:40.214 [info] Getting sessions for all scopes...
2025-10-07 19:11:40.214 [info] Got 1 sessions for ...
2025-10-07 19:11:40.257 [info] Getting sessions for all scopes...
2025-10-07 19:11:40.257 [info] Got 1 sessions for ...
2025-10-07 19:11:40.261 [info] Getting sessions for all scopes...
2025-10-07 19:11:40.261 [info] Got 1 sessions for ...
2025-10-07 19:11:40.262 [info] Getting sessions for all scopes...
2025-10-07 19:11:40.262 [info] Got 1 sessions for ...
2025-10-07 19:11:40.263 [info] Getting sessions for all scopes...
2025-10-07 19:11:40.263 [info] Got 1 sessions for ...
2025-10-07 19:11:40.264 [info] Getting sessions for all scopes...
2025-10-07 19:11:40.264 [info] Got 1 sessions for ...
2025-10-07 19:11:40.264 [info] Getting sessions for all scopes...
2025-10-07 19:11:40.264 [info] Got 1 sessions for ...
2025-10-07 19:11:41.420 [info] Getting sessions for all scopes...
2025-10-07 19:11:41.420 [info] Got 1 sessions for ...
2025-10-07 19:11:41.543 [info] fetching: Electron fetch failed with status: 429 
2025-10-07 19:11:41.828 [info] Getting sessions for all scopes...
2025-10-07 19:11:41.828 [info] Got 1 sessions for ...
2025-10-07 19:11:41.829 [info] Getting sessions for all scopes...
2025-10-07 19:11:41.829 [info] Got 1 sessions for ...
2025-10-07 19:11:41.831 [info] Getting sessions for all scopes...
2025-10-07 19:11:41.831 [info] Got 1 sessions for ...
2025-10-07 19:11:42.260 [info] fetching: Node fetch failed with status: 429 Too Many Requests
2025-10-07 19:11:42.775 [info] fetching: Node http/s failed with status: 429 Too Many Requests
2025-10-07 19:11:56.230 [info] Getting sessions for all scopes...
2025-10-07 19:11:56.230 [info] Got 1 sessions for ...
2025-10-07 19:11:56.231 [info] Getting sessions for all scopes...
2025-10-07 19:11:56.231 [info] Got 1 sessions for ...
2025-10-07 19:11:57.397 [info] Getting sessions for read:user,repo,user:email,workflow...
2025-10-07 19:11:57.398 [info] Got 1 sessions for read:user,repo,user:email,workflow...
2025-10-07 19:11:57.450 [info] Getting sessions for all scopes...
2025-10-07 19:11:57.450 [info] Got 1 sessions for ...
2025-10-07 19:11:57.522 [info] Getting sessions for all scopes...
2025-10-07 19:11:57.522 [info] Got 1 sessions for ...
2025-10-07 19:11:57.525 [info] Getting sessions for read:user,repo,user:email,workflow...
2025-10-07 19:11:57.525 [info] Got 1 sessions for read:user,repo,user:email,workflow...
2025-10-07 19:11:58.397 [info] Getting sessions for all scopes...
2025-10-07 19:11:58.397 [info] Got 1 sessions for ...
2025-10-07 19:11:58.720 [info] Getting sessions for all scopes...
2025-10-07 19:11:58.720 [info] Got 1 sessions for ...
2025-10-07 19:12:00.447 [info] Getting sessions for read:user,repo,user:email,workflow...
2025-10-07 19:12:00.447 [info] Got 1 sessions for read:user,repo,user:email,workflow...
2025-10-07 19:12:00.974 [info] Getting sessions for read:user,repo,user:email,workflow...
2025-10-07 19:12:00.974 [info] Got 1 sessions for read:user,repo,user:email,workflow...
2025-10-07 19:12:01.027 [info] Getting sessions for all scopes...
2025-10-07 19:12:01.027 [info] Got 1 sessions for ...
2025-10-07 19:12:01.226 [info] Getting sessions for all scopes...
2025-10-07 19:12:01.227 [info] Got 1 sessions for ...
2025-10-07 19:12:01.314 [info] Getting sessions for read:user,repo,user:email,workflow...
2025-10-07 19:12:01.314 [info] Got 1 sessions for read:user,repo,user:email,workflow...
2025-10-07 19:12:03.176 [info] Getting sessions for all scopes...
2025-10-07 19:12:03.176 [info] Got 1 sessions for ...
2025-10-07 19:12:03.177 [info] Getting sessions for all scopes...
2025-10-07 19:12:03.177 [info] Got 1 sessions for ...
2025-10-07 19:12:03.219 [info] Getting sessions for read:user,repo,user:email,workflow...
2025-10-07 19:12:03.220 [info] Got 1 sessions for read:user,repo,user:email,workflow...
2025-10-07 19:12:03.297 [info] Getting sessions for all scopes...
2025-10-07 19:12:03.297 [info] Got 1 sessions for ...
2025-10-07 19:12:03.299 [info] Getting sessions for all scopes...
2025-10-07 19:12:03.299 [info] Got 1 sessions for ...
2025-10-07 19:12:03.377 [info] Getting sessions for read:user,repo,user:email,workflow...
2025-10-07 19:12:03.377 [info] Got 1 sessions for read:user,repo,user:email,workflow...
2025-10-07 19:12:05.525 [info] Getting sessions for all scopes...
2025-10-07 19:12:05.525 [info] Got 1 sessions for ...
2025-10-07 19:12:05.988 [info] Getting sessions for read:user,repo,user:email,workflow...
2025-10-07 19:12:05.988 [info] Got 1 sessions for read:user,repo,user:email,workflow...
2025-10-07 19:12:06.052 [info] Getting sessions for all scopes...
2025-10-07 19:12:06.052 [info] Got 1 sessions for ...
2025-10-07 19:12:06.056 [info] Getting sessions for all scopes...
2025-10-07 19:12:06.056 [info] Got 1 sessions for ...
2025-10-07 19:12:06.060 [info] Getting sessions for all scopes...
2025-10-07 19:12:06.060 [info] Got 1 sessions for ...
2025-10-07 19:12:06.073 [info] Getting sessions for read:user,repo,user:email,workflow...
2025-10-07 19:12:06.073 [info] Got 1 sessions for read:user,repo,user:email,workflow...
2025-10-07 19:12:06.088 [info] Getting sessions for all scopes...
2025-10-07 19:12:06.088 [info] Got 1 sessions for ...
2025-10-07 19:12:06.110 [info] Getting sessions for read:user,repo,user:email,workflow...
2025-10-07 19:12:06.110 [info] Got 1 sessions for read:user,repo,user:email,workflow...
2025-10-07 19:12:07.998 [info] Getting sessions for all scopes...
2025-10-07 19:12:07.998 [info] Got 1 sessions for ...
2025-10-07 19:12:08.006 [info] Getting sessions for read:user,repo,user:email,workflow...
2025-10-07 19:12:08.006 [info] Got 1 sessions for read:user,repo,user:email,workflow...
2025-10-07 19:12:08.018 [info] Getting sessions for all scopes...
2025-10-07 19:12:08.018 [info] Got 1 sessions for ...
2025-10-07 19:12:08.025 [info] Getting sessions for read:user,repo,user:email,workflow...
2025-10-07 19:12:08.025 [info] Got 1 sessions for read:user,repo,user:email,workflow...
2025-10-07 19:12:08.031 [info] Getting sessions for all scopes...
2025-10-07 19:12:08.031 [info] Got 1 sessions for ...
2025-10-07 19:12:08.038 [info] Getting sessions for read:user,repo,user:email,workflow...
2025-10-07 19:12:08.038 [info] Got 1 sessions for read:user,repo,user:email,workflow...
2025-10-07 19:12:08.044 [info] Getting sessions for all scopes...
2025-10-07 19:12:08.044 [info] Got 1 sessions for ...
2025-10-07 19:12:08.049 [info] Getting sessions for read:user,repo,user:email,workflow...
2025-10-07 19:12:08.049 [info] Got 1 sessions for read:user,repo,user:email,workflow...
2025-10-07 19:12:09.601 [info] Getting sessions for all scopes...
2025-10-07 19:12:09.601 [info] Got 1 sessions for ...
